#
# There is insufficient memory for the Java Runtime Environment to continue.
# Native memory allocation (malloc) failed to allocate 32784 bytes. Error detail: Chunk::new
# Possible reasons:
#   The system is out of physical RAM or swap space
#   This process is running with CompressedOops enabled, and the Java Heap may be blocking the growth of the native heap
# Possible solutions:
#   Reduce memory load on the system
#   Increase physical memory or swap space
#   Check if swap backing store is full
#   Decrease Java heap size (-Xmx/-Xms)
#   Decrease number of Java threads
#   Decrease Java thread stack sizes (-Xss)
#   Set larger code cache with -XX:ReservedCodeCacheSize=
#   JVM is running with Unscaled Compressed Oops mode in which the Java heap is
#     placed in the first 4GB address space. The Java Heap base address is the
#     maximum limit for the native heap growth. Please use -XX:HeapBaseMinAddress
#     to set the Java Heap base and to place the Java Heap above 4GB virtual address.
# This output file may be truncated or incomplete.
#
#  Out of Memory Error (arena.cpp:168), pid=16076, tid=10920
#
# JRE version: OpenJDK Runtime Environment Temurin-21.0.7+6 (21.0.7+6) (build 21.0.7+6-LTS)
# Java VM: OpenJDK 64-Bit Server VM Temurin-21.0.7+6 (21.0.7+6-LTS, mixed mode, sharing, tiered, compressed oops, compressed class ptrs, parallel gc, windows-amd64)
# No core dump will be written. Minidumps are not enabled by default on client versions of Windows
#

---------------  S U M M A R Y ------------

Command Line: --add-modules=ALL-SYSTEM --add-opens=java.base/java.util=ALL-UNNAMED --add-opens=java.base/java.lang=ALL-UNNAMED --add-opens=java.base/sun.nio.fs=ALL-UNNAMED -Declipse.application=org.eclipse.jdt.ls.core.id1 -Dosgi.bundles.defaultStartLevel=4 -Declipse.product=org.eclipse.jdt.ls.core.product -Djava.import.generatesMetadataFilesAtProjectRoot=false -DDetectVMInstallationsJob.disabled=true -Dfile.encoding=utf8 -XX:+UseParallelGC -XX:GCTimeRatio=4 -XX:AdaptiveSizePolicyWeight=90 -Dsun.zip.disableMemoryMapping=true -Xmx1G -Xms100m -Xlog:disable -javaagent:c:\Users\adiad\.vscode\extensions\redhat.java-1.42.0-win32-x64\lombok\lombok-1.18.36.jar c:\Users\adiad\.vscode\extensions\redhat.java-1.42.0-win32-x64\server\plugins\org.eclipse.equinox.launcher_1.7.0.v20250424-1814.jar -configuration c:\Users\adiad\AppData\Roaming\Code\User\globalStorage\redhat.java\1.42.0\config_ss_win -data c:\Users\adiad\AppData\Roaming\Code\User\workspaceStorage\14401dd125f2409bfeeab5ebb8aac57f\redhat.java\ss_ws --pipe=\\.\pipe\lsp-e671e5c3eaa44112927bea764f197e6e-sock

Host: AMD Ryzen 5 5600H with Radeon Graphics         , 12 cores, 27G,  Windows 10 , 64 bit Build 19041 (10.0.19041.5794)
Time: Mon May 26 21:56:22 2025 GTB Daylight Time elapsed time: 0.675411 seconds (0d 0h 0m 0s)

---------------  T H R E A D  ---------------

Current thread (0x00000236e96dcee0):  JavaThread "C2 CompilerThread2" daemon [_thread_in_native, id=10920, stack(0x000000a835500000,0x000000a835600000) (1024K)]


Current CompileTask:
C2:675 1031   !   4       java.util.jar.Attributes::read (494 bytes)

Stack: [0x000000a835500000,0x000000a835600000]
Native frames: (J=compiled Java code, j=interpreted, Vv=VM code, C=native code)
V  [jvm.dll+0x6ce119]
V  [jvm.dll+0x8a84a1]
V  [jvm.dll+0x8aa9ce]
V  [jvm.dll+0x8ab0b3]
V  [jvm.dll+0x27f8a6]
V  [jvm.dll+0xc507d]
V  [jvm.dll+0xc55b3]
V  [jvm.dll+0x6f35e2]
V  [jvm.dll+0x2467fe]
V  [jvm.dll+0x1c760e]
V  [jvm.dll+0x25695a]
V  [jvm.dll+0x254efa]
V  [jvm.dll+0x3f03f6]
V  [jvm.dll+0x851f6b]
V  [jvm.dll+0x6cc7dd]
C  [ucrtbase.dll+0x21bb2]
C  [KERNEL32.DLL+0x17374]
C  [ntdll.dll+0x4cc91]


---------------  P R O C E S S  ---------------

Threads class SMR info:
_java_thread_list=0x00000236e95764b0, length=13, elements={
0x0000023691c93700, 0x00000236e71f1c60, 0x00000236e71f33b0, 0x00000236e71f4d80,
0x00000236e71f7aa0, 0x00000236e90f0820, 0x00000236e90f4770, 0x00000236e90f9ca0,
0x00000236e90fdb50, 0x0000023691cfc7c0, 0x00000236e9375fe0, 0x00000236e9446320,
0x00000236e96dcee0
}

Java Threads: ( => current thread )
  0x0000023691c93700 JavaThread "main"                              [_thread_in_vm, id=22272, stack(0x000000a834600000,0x000000a834700000) (1024K)]
  0x00000236e71f1c60 JavaThread "Reference Handler"          daemon [_thread_blocked, id=7504, stack(0x000000a834a00000,0x000000a834b00000) (1024K)]
  0x00000236e71f33b0 JavaThread "Finalizer"                  daemon [_thread_blocked, id=29660, stack(0x000000a834b00000,0x000000a834c00000) (1024K)]
  0x00000236e71f4d80 JavaThread "Signal Dispatcher"          daemon [_thread_blocked, id=28684, stack(0x000000a834c00000,0x000000a834d00000) (1024K)]
  0x00000236e71f7aa0 JavaThread "Attach Listener"            daemon [_thread_blocked, id=26516, stack(0x000000a834d00000,0x000000a834e00000) (1024K)]
  0x00000236e90f0820 JavaThread "Service Thread"             daemon [_thread_blocked, id=21620, stack(0x000000a834e00000,0x000000a834f00000) (1024K)]
  0x00000236e90f4770 JavaThread "Monitor Deflation Thread"   daemon [_thread_blocked, id=22196, stack(0x000000a834f00000,0x000000a835000000) (1024K)]
  0x00000236e90f9ca0 JavaThread "C2 CompilerThread0"         daemon [_thread_in_native, id=29280, stack(0x000000a835000000,0x000000a835100000) (1024K)]
  0x00000236e90fdb50 JavaThread "C1 CompilerThread0"         daemon [_thread_blocked, id=11804, stack(0x000000a835100000,0x000000a835200000) (1024K)]
  0x0000023691cfc7c0 JavaThread "Common-Cleaner"             daemon [_thread_blocked, id=27816, stack(0x000000a835200000,0x000000a835300000) (1024K)]
  0x00000236e9375fe0 JavaThread "C2 CompilerThread1"         daemon [_thread_in_native, id=2544, stack(0x000000a835300000,0x000000a835400000) (1024K)]
  0x00000236e9446320 JavaThread "Notification Thread"        daemon [_thread_blocked, id=24480, stack(0x000000a835400000,0x000000a835500000) (1024K)]
=>0x00000236e96dcee0 JavaThread "C2 CompilerThread2"         daemon [_thread_in_native, id=10920, stack(0x000000a835500000,0x000000a835600000) (1024K)]
Total: 13

Other Threads:
  0x000002368f95eed0 VMThread "VM Thread"                           [id=28968, stack(0x000000a834900000,0x000000a834a00000) (1024K)]
  0x0000023691cfbe30 WatcherThread "VM Periodic Task Thread"        [id=6968, stack(0x000000a834800000,0x000000a834900000) (1024K)]
  0x000002368f95e3f0 WorkerThread "GC Thread#0"                     [id=29684, stack(0x000000a834700000,0x000000a834800000) (1024K)]
Total: 3

Threads with active compile tasks:
C2 CompilerThread0  694 1030   !   4       java.lang.String::<init> (890 bytes)
C2 CompilerThread1  694 1036       4       java.util.jar.Manifest$FastInputStream::readLine (296 bytes)
C2 CompilerThread2  694 1031   !   4       java.util.jar.Attributes::read (494 bytes)
Total: 3

VM state: not at safepoint (normal execution)

VM Mutex/Monitor currently owned by a thread:  ([mutex/lock_event])
[0x00007fff7e94c308] Metaspace_lock - owner thread: 0x0000023691c93700

Heap address: 0x00000000c0000000, size: 1024 MB, Compressed Oops mode: 32-bit

CDS archive(s) mapped at: [0x00000236a6000000-0x00000236a6ba0000-0x00000236a6ba0000), size 12189696, SharedBaseAddress: 0x00000236a6000000, ArchiveRelocationMode: 1.
Compressed class space mapped at: 0x00000236a7000000-0x00000236e7000000, reserved size: 1073741824
Narrow klass base: 0x00000236a6000000, Narrow klass shift: 0, Narrow klass range: 0x100000000

GC Precious Log:
 CardTable entry size: 512
 CPUs: 12 total, 12 available
 Memory: 28524M
 Large Page Support: Disabled
 NUMA Support: Disabled
 Compressed Oops: Enabled (32-bit)
 Alignments: Space 512K, Generation 512K, Heap 2M
 Heap Min Capacity: 100M
 Heap Initial Capacity: 100M
 Heap Max Capacity: 1G
 Pre-touch: Disabled
 Parallel Workers: 10

Heap:
 PSYoungGen      total 29696K, used 24457K [0x00000000eab00000, 0x00000000ecc00000, 0x0000000100000000)
  eden space 25600K, 95% used [0x00000000eab00000,0x00000000ec2e2428,0x00000000ec400000)
  from space 4096K, 0% used [0x00000000ec800000,0x00000000ec800000,0x00000000ecc00000)
  to   space 4096K, 0% used [0x00000000ec400000,0x00000000ec400000,0x00000000ec800000)
 ParOldGen       total 68608K, used 0K [0x00000000c0000000, 0x00000000c4300000, 0x00000000eab00000)
  object space 68608K, 0% used [0x00000000c0000000,0x00000000c0000000,0x00000000c4300000)
 Metaspace       used 4088K, committed 4352K, reserved 1114112K
  class space    used 442K, committed 576K, reserved 1048576K

Card table byte_map: [0x0000023691640000,0x0000023691850000] _byte_map_base: 0x0000023691040000

Marking Bits: (ParMarkBitMap*) 0x00007fff7e9531f0
 Begin Bits: [0x00000236a3e90000, 0x00000236a4e90000)
 End Bits:   [0x00000236a4e90000, 0x00000236a5e90000)

Polling page: 0x000002368fb50000

Metaspace:

Usage:
  Non-class:      3.56 MB used.
      Class:    442.79 KB used.
       Both:      3.99 MB used.

Virtual space:
  Non-class space:       64.00 MB reserved,       3.69 MB (  6%) committed,  1 nodes.
      Class space:        1.00 GB reserved,     576.00 KB ( <1%) committed,  1 nodes.
             Both:        1.06 GB reserved,       4.25 MB ( <1%) committed. 

Chunk freelists:
   Non-Class:  11.24 MB
       Class:  15.44 MB
        Both:  26.68 MB

MaxMetaspaceSize: unlimited
CompressedClassSpaceSize: 1.00 GB
Initial GC threshold: 21.00 MB
Current GC threshold: 21.00 MB
CDS: on
 - commit_granule_bytes: 65536.
 - commit_granule_words: 8192.
 - virtual_space_node_default_size: 8388608.
 - enlarge_chunks_in_place: 1.
 - use_allocation_guard: 0.


Internal statistics:

num_allocs_failed_limit: 0.
num_arena_births: 184.
num_arena_deaths: 0.
num_vsnodes_births: 2.
num_vsnodes_deaths: 0.
num_space_committed: 68.
num_space_uncommitted: 0.
num_chunks_returned_to_freelist: 0.
num_chunks_taken_from_freelist: 242.
num_chunk_merges: 0.
num_chunk_splits: 157.
num_chunks_enlarged: 91.
num_inconsistent_stats: 0.

CodeHeap 'non-profiled nmethods': size=120000Kb used=404Kb max_used=404Kb free=119595Kb
 bounds [0x000002369c960000, 0x000002369cbd0000, 0x00000236a3e90000]
CodeHeap 'profiled nmethods': size=120000Kb used=1685Kb max_used=1685Kb free=118314Kb
 bounds [0x0000023694e90000, 0x0000023695100000, 0x000002369c3c0000]
CodeHeap 'non-nmethods': size=5760Kb used=1208Kb max_used=1216Kb free=4551Kb
 bounds [0x000002369c3c0000, 0x000002369c630000, 0x000002369c960000]
 total_blobs=1503 nmethods=1050 adapters=358
 compilation: enabled
              stopped_count=0, restarted_count=0
 full_count=0

Compilation events (20 events):
Event: 0.663 Thread 0x00000236e90fdb50 nmethod 1019 0x0000023695024690 code [0x0000023695024840, 0x0000023695024a00]
Event: 0.663 Thread 0x00000236e90fdb50 1020       3       java.lang.invoke.Invokers::maybeCustomize (5 bytes)
Event: 0.663 Thread 0x00000236e90fdb50 nmethod 1020 0x0000023695024b10 code [0x0000023695024cc0, 0x0000023695024e70]
Event: 0.664 Thread 0x00000236e90fdb50 1021       3       java.nio.DirectLongBufferU::ix (10 bytes)
Event: 0.664 Thread 0x00000236e90fdb50 nmethod 1021 0x0000023695024f90 code [0x0000023695025120, 0x0000023695025240]
Event: 0.665 Thread 0x00000236e90fdb50 1023   !   3       java.util.zip.Inflater::inflate (456 bytes)
Event: 0.665 Thread 0x00000236e90f9ca0 nmethod 1016 0x000002369c9c3090 code [0x000002369c9c3240, 0x000002369c9c3520]
Event: 0.667 Thread 0x00000236e90fdb50 nmethod 1023 0x0000023695025310 code [0x0000023695025700, 0x00000236950275b8]
Event: 0.667 Thread 0x00000236e90fdb50 1024       3       sun.security.x509.X509CertImpl::getEncodedInternal (20 bytes)
Event: 0.668 Thread 0x00000236e90fdb50 nmethod 1024 0x0000023695028610 code [0x0000023695028800, 0x0000023695028db0]
Event: 0.668 Thread 0x00000236e90fdb50 1025   !   3       java.security.cert.Certificate::equals (38 bytes)
Event: 0.668 Thread 0x00000236e90fdb50 nmethod 1025 0x0000023695028f10 code [0x0000023695029180, 0x0000023695029f98]
Event: 0.668 Thread 0x00000236e90fdb50 1027       3       java.util.concurrent.ConcurrentHashMap::get (162 bytes)
Event: 0.669 Thread 0x00000236e90fdb50 nmethod 1027 0x000002369502a390 code [0x000002369502a600, 0x000002369502b040]
Event: 0.669 Thread 0x00000236e90fdb50 1026       1       java.security.CodeSource::getLocation (5 bytes)
Event: 0.669 Thread 0x00000236e90fdb50 nmethod 1026 0x000002369c9c3790 code [0x000002369c9c3920, 0x000002369c9c39e8]
Event: 0.670 Thread 0x00000236e90fdb50 1028   !   3       java.io.RandomAccessFile::seek (42 bytes)
Event: 0.670 Thread 0x00000236e90fdb50 nmethod 1028 0x000002369502b310 code [0x000002369502b500, 0x000002369502b830]
Event: 0.673 Thread 0x00000236e90f9ca0 1030   !   4       java.lang.String::<init> (890 bytes)
Event: 0.673 Thread 0x00000236e96dcee0 1031   !   4       java.util.jar.Attributes::read (494 bytes)

GC Heap History (0 events):
No events

Dll operation events (8 events):
Event: 0.011 Loaded shared library c:\Users\adiad\.vscode\extensions\redhat.java-1.42.0-win32-x64\jre\21.0.7-win32-x86_64\bin\java.dll
Event: 0.082 Loaded shared library c:\Users\adiad\.vscode\extensions\redhat.java-1.42.0-win32-x64\jre\21.0.7-win32-x86_64\bin\zip.dll
Event: 0.102 Loaded shared library C:\Users\adiad\.vscode\extensions\redhat.java-1.42.0-win32-x64\jre\21.0.7-win32-x86_64\bin\instrument.dll
Event: 0.106 Loaded shared library C:\Users\adiad\.vscode\extensions\redhat.java-1.42.0-win32-x64\jre\21.0.7-win32-x86_64\bin\net.dll
Event: 0.109 Loaded shared library C:\Users\adiad\.vscode\extensions\redhat.java-1.42.0-win32-x64\jre\21.0.7-win32-x86_64\bin\nio.dll
Event: 0.113 Loaded shared library C:\Users\adiad\.vscode\extensions\redhat.java-1.42.0-win32-x64\jre\21.0.7-win32-x86_64\bin\zip.dll
Event: 0.130 Loaded shared library C:\Users\adiad\.vscode\extensions\redhat.java-1.42.0-win32-x64\jre\21.0.7-win32-x86_64\bin\jimage.dll
Event: 0.202 Loaded shared library c:\Users\adiad\.vscode\extensions\redhat.java-1.42.0-win32-x64\jre\21.0.7-win32-x86_64\bin\verify.dll

Deoptimization events (20 events):
Event: 0.472 Thread 0x0000023691c93700 Uncommon trap: trap_request=0xffffffde fr.pc=0x000002369c9916e0 relative=0x0000000000000900
Event: 0.472 Thread 0x0000023691c93700 Uncommon trap: reason=class_check action=maybe_recompile pc=0x000002369c9916e0 method=java.util.HashMap.putVal(ILjava/lang/Object;Ljava/lang/Object;ZZ)Ljava/lang/Object; @ 91 c2
Event: 0.472 Thread 0x0000023691c93700 DEOPT PACKING pc=0x000002369c9916e0 sp=0x000000a8346fda30
Event: 0.472 Thread 0x0000023691c93700 DEOPT UNPACKING pc=0x000002369c413aa2 sp=0x000000a8346fd9f0 mode 2
Event: 0.472 Thread 0x0000023691c93700 Uncommon trap: trap_request=0xffffffde fr.pc=0x000002369c9916e0 relative=0x0000000000000900
Event: 0.472 Thread 0x0000023691c93700 Uncommon trap: reason=class_check action=maybe_recompile pc=0x000002369c9916e0 method=java.util.HashMap.putVal(ILjava/lang/Object;Ljava/lang/Object;ZZ)Ljava/lang/Object; @ 91 c2
Event: 0.472 Thread 0x0000023691c93700 DEOPT PACKING pc=0x000002369c9916e0 sp=0x000000a8346fdb50
Event: 0.472 Thread 0x0000023691c93700 DEOPT UNPACKING pc=0x000002369c413aa2 sp=0x000000a8346fdae0 mode 2
Event: 0.521 Thread 0x0000023691c93700 Uncommon trap: trap_request=0xffffff45 fr.pc=0x000002369c9a382c relative=0x000000000000008c
Event: 0.521 Thread 0x0000023691c93700 Uncommon trap: reason=unstable_if action=reinterpret pc=0x000002369c9a382c method=jdk.internal.misc.Unsafe.convEndian(ZI)I @ 4 c2
Event: 0.521 Thread 0x0000023691c93700 DEOPT PACKING pc=0x000002369c9a382c sp=0x000000a8346fd7a0
Event: 0.521 Thread 0x0000023691c93700 DEOPT UNPACKING pc=0x000002369c413aa2 sp=0x000000a8346fd6d0 mode 2
Event: 0.524 Thread 0x0000023691c93700 Uncommon trap: trap_request=0xffffff45 fr.pc=0x000002369c98dc50 relative=0x00000000000005f0
Event: 0.524 Thread 0x0000023691c93700 Uncommon trap: reason=unstable_if action=reinterpret pc=0x000002369c98dc50 method=java.lang.AbstractStringBuilder.append(Ljava/lang/String;)Ljava/lang/AbstractStringBuilder; @ 1 c2
Event: 0.524 Thread 0x0000023691c93700 DEOPT PACKING pc=0x000002369c98dc50 sp=0x000000a8346fdb00
Event: 0.524 Thread 0x0000023691c93700 DEOPT UNPACKING pc=0x000002369c413aa2 sp=0x000000a8346fda90 mode 2
Event: 0.655 Thread 0x0000023691c93700 Uncommon trap: trap_request=0xffffff45 fr.pc=0x000002369c99e6f0 relative=0x00000000000002b0
Event: 0.655 Thread 0x0000023691c93700 Uncommon trap: reason=unstable_if action=reinterpret pc=0x000002369c99e6f0 method=java.util.concurrent.ConcurrentHashMap.get(Ljava/lang/Object;)Ljava/lang/Object; @ 76 c2
Event: 0.655 Thread 0x0000023691c93700 DEOPT PACKING pc=0x000002369c99e6f0 sp=0x000000a8346fdac0
Event: 0.655 Thread 0x0000023691c93700 DEOPT UNPACKING pc=0x000002369c413aa2 sp=0x000000a8346fda38 mode 2

Classes loaded (20 events):
Event: 0.647 Loading class java/util/LinkedHashMap$LinkedValueIterator
Event: 0.648 Loading class java/util/LinkedHashMap$LinkedValueIterator done
Event: 0.649 Loading class java/lang/reflect/Proxy$ProxyBuilder$ProxyClassContext
Event: 0.649 Loading class java/lang/reflect/Proxy$ProxyBuilder$ProxyClassContext done
Event: 0.650 Loading class java/lang/reflect/ProxyGenerator
Event: 0.650 Loading class java/lang/reflect/ProxyGenerator done
Event: 0.651 Loading class java/lang/reflect/ProxyGenerator$ProxyMethod
Event: 0.651 Loading class java/lang/reflect/ProxyGenerator$ProxyMethod done
Event: 0.652 Loading class java/lang/reflect/ProxyGenerator$PrimitiveTypeInfo
Event: 0.653 Loading class java/lang/reflect/ProxyGenerator$PrimitiveTypeInfo done
Event: 0.653 Loading class jdk/internal/org/objectweb/asm/Edge
Event: 0.653 Loading class jdk/internal/org/objectweb/asm/Edge done
Event: 0.654 Loading class java/lang/reflect/Proxy$ProxyBuilder$1
Event: 0.654 Loading class java/lang/reflect/Proxy$ProxyBuilder$1 done
Event: 0.654 Loading class java/lang/annotation/Target
Event: 0.654 Loading class java/lang/annotation/Target done
Event: 0.662 Loading class java/util/NoSuchElementException
Event: 0.662 Loading class java/util/NoSuchElementException done
Event: 0.668 Loading class java/net/URLClassLoader$2
Event: 0.668 Loading class java/net/URLClassLoader$2 done

Classes unloaded (0 events):
No events

Classes redefined (0 events):
No events

Internal exceptions (20 events):
Event: 0.165 Thread 0x0000023691c93700 Exception <a 'java/lang/NoSuchMethodError'{0x00000000eaf7a520}: 'int java.lang.invoke.DirectMethodHandle$Holder.invokeSpecial(java.lang.Object, java.lang.Object, java.lang.Object)'> (0x00000000eaf7a520) 
thrown [s\src\hotspot\share\interpreter\linkResolver.cpp, line 773]
Event: 0.167 Thread 0x0000023691c93700 Exception <a 'java/lang/NoSuchMethodError'{0x00000000eaf861e0}: 'java.lang.Object java.lang.invoke.DirectMethodHandle$Holder.invokeStatic(java.lang.Object, java.lang.Object, int)'> (0x00000000eaf861e0) 
thrown [s\src\hotspot\share\interpreter\linkResolver.cpp, line 773]
Event: 0.167 Thread 0x0000023691c93700 Exception <a 'java/lang/NoSuchMethodError'{0x00000000eaf8ab30}: 'void java.lang.invoke.DirectMethodHandle$Holder.invokeStatic(java.lang.Object, java.lang.Object, int, java.lang.Object)'> (0x00000000eaf8ab30) 
thrown [s\src\hotspot\share\interpreter\linkResolver.cpp, line 773]
Event: 0.168 Thread 0x0000023691c93700 Exception <a 'java/lang/NoSuchMethodError'{0x00000000eaf8e6c0}: 'void java.lang.invoke.DirectMethodHandle$Holder.invokeSpecial(java.lang.Object, java.lang.Object, java.lang.Object, int, java.lang.Object)'> (0x00000000eaf8e6c0) 
thrown [s\src\hotspot\share\interpreter\linkResolver.cpp, line 773]
Event: 0.168 Thread 0x0000023691c93700 Exception <a 'java/lang/NoSuchMethodError'{0x00000000eaf91b30}: 'void java.lang.invoke.DelegatingMethodHandle$Holder.delegate(java.lang.Object, java.lang.Object, int, java.lang.Object)'> (0x00000000eaf91b30) 
thrown [s\src\hotspot\share\interpreter\linkResolver.cpp, line 773]
Event: 0.234 Thread 0x0000023691c93700 Exception <a 'java/lang/NoSuchMethodError'{0x00000000eb14f6b8}: 'void java.lang.invoke.DelegatingMethodHandle$Holder.reinvoke_L(java.lang.Object, java.lang.Object, java.lang.Object, int)'> (0x00000000eb14f6b8) 
thrown [s\src\hotspot\share\interpreter\linkResolver.cpp, line 773]
Event: 0.389 Thread 0x0000023691c93700 Exception <a 'java/lang/NoSuchMethodError'{0x00000000eb5d6718}: 'void java.lang.invoke.DirectMethodHandle$Holder.invokeVirtual(java.lang.Object, java.lang.Object)'> (0x00000000eb5d6718) 
thrown [s\src\hotspot\share\interpreter\linkResolver.cpp, line 773]
Event: 0.501 Thread 0x0000023691c93700 Exception <a 'java/lang/NoSuchMethodError'{0x00000000eb9b9c60}: 'void java.lang.invoke.DirectMethodHandle$Holder.invokeStatic(java.lang.Object, java.lang.Object)'> (0x00000000eb9b9c60) 
thrown [s\src\hotspot\share\interpreter\linkResolver.cpp, line 773]
Event: 0.505 Thread 0x0000023691c93700 Exception <a 'java/lang/ClassNotFoundException'{0x00000000eb9e1dd8}: sun/net/www/protocol/c/Handler> (0x00000000eb9e1dd8) 
thrown [s\src\hotspot\share\classfile\systemDictionary.cpp, line 312]
Event: 0.519 Thread 0x0000023691c93700 Exception <a 'java/io/FileNotFoundException'{0x00000000eba3be10}> (0x00000000eba3be10) 
thrown [s\src\hotspot\share\prims\jni.cpp, line 520]
Event: 0.519 Thread 0x0000023691c93700 Exception <a 'java/io/FileNotFoundException'{0x00000000eba3d178}> (0x00000000eba3d178) 
thrown [s\src\hotspot\share\prims\jni.cpp, line 520]
Event: 0.520 Thread 0x0000023691c93700 Exception <a 'java/io/FileNotFoundException'{0x00000000eba3ddf0}> (0x00000000eba3ddf0) 
thrown [s\src\hotspot\share\prims\jni.cpp, line 520]
Event: 0.520 Thread 0x0000023691c93700 Exception <a 'java/io/FileNotFoundException'{0x00000000eba3e930}> (0x00000000eba3e930) 
thrown [s\src\hotspot\share\prims\jni.cpp, line 520]
Event: 0.524 Thread 0x0000023691c93700 Implicit null exception at 0x000002369c98d6a4 to 0x000002369c98dc38
Event: 0.526 Thread 0x0000023691c93700 Exception <a 'java/io/FileNotFoundException'{0x00000000eba78ac0}> (0x00000000eba78ac0) 
thrown [s\src\hotspot\share\prims\jni.cpp, line 520]
Event: 0.535 Thread 0x0000023691c93700 Exception <a 'java/lang/NoSuchMethodError'{0x00000000ebab4560}: 'java.lang.Object java.lang.invoke.DirectMethodHandle$Holder.invokeInterface(java.lang.Object, java.lang.Object)'> (0x00000000ebab4560) 
thrown [s\src\hotspot\share\interpreter\linkResolver.cpp, line 773]
Event: 0.538 Thread 0x0000023691c93700 Exception <a 'java/lang/NoSuchMethodError'{0x00000000ebac8048}: 'java.lang.Object java.lang.invoke.Invokers$Holder.invokeExact_MT(java.lang.Object, java.lang.Object, java.lang.Object, java.lang.Object, java.lang.Object, java.lang.Object)'> (0x00000000ebac8048) 
thrown [s\src\hotspot\share\interpreter\linkResolver.cpp, line 773]
Event: 0.544 Thread 0x0000023691c93700 Exception <a 'java/lang/NoSuchMethodError'{0x00000000ebadf2a0}: 'int java.lang.invoke.DirectMethodHandle$Holder.invokeStatic(java.lang.Object, java.lang.Object, java.lang.Object, java.lang.Object, java.lang.Object)'> (0x00000000ebadf2a0) 
thrown [s\src\hotspot\share\interpreter\linkResolver.cpp, line 773]
Event: 0.567 Thread 0x0000023691c93700 Exception <a 'java/lang/NoSuchMethodError'{0x00000000ebb74268}: 'java.lang.Object java.lang.invoke.DirectMethodHandle$Holder.invokeInterface(java.lang.Object, java.lang.Object, int)'> (0x00000000ebb74268) 
thrown [s\src\hotspot\share\interpreter\linkResolver.cpp, line 773]
Event: 0.656 Thread 0x0000023691c93700 Exception <a 'java/lang/NoSuchMethodError'{0x00000000ebfbdb20}: 'java.lang.ClassLoader java.lang.ClassLoader.getPlatformClassLoader(java.lang.Class)'> (0x00000000ebfbdb20) 
thrown [s\src\hotspot\share\interpreter\linkResolver.cpp, line 773]

ZGC Phase Switch (0 events):
No events

VM Operations (8 events):
Event: 0.080 Executing VM operation: HandshakeAllThreads (Deoptimize)
Event: 0.080 Executing VM operation: HandshakeAllThreads (Deoptimize) done
Event: 0.142 Executing VM operation: HandshakeAllThreads (Deoptimize)
Event: 0.142 Executing VM operation: HandshakeAllThreads (Deoptimize) done
Event: 0.482 Executing VM operation: HandshakeAllThreads (Deoptimize)
Event: 0.482 Executing VM operation: HandshakeAllThreads (Deoptimize) done
Event: 0.498 Executing VM operation: HandshakeAllThreads (Deoptimize)
Event: 0.498 Executing VM operation: HandshakeAllThreads (Deoptimize) done

Memory protections (0 events):
No events

Nmethod flushes (0 events):
No events

Events (13 events):
Event: 0.029 Thread 0x0000023691c93700 Thread added: 0x0000023691c93700
Event: 0.043 Thread 0x0000023691c93700 Thread added: 0x00000236e71f1c60
Event: 0.043 Thread 0x0000023691c93700 Thread added: 0x00000236e71f33b0
Event: 0.043 Thread 0x0000023691c93700 Thread added: 0x00000236e71f4d80
Event: 0.043 Thread 0x0000023691c93700 Thread added: 0x00000236e71f7aa0
Event: 0.043 Thread 0x0000023691c93700 Thread added: 0x00000236e90f0820
Event: 0.043 Thread 0x0000023691c93700 Thread added: 0x00000236e90f4770
Event: 0.043 Thread 0x0000023691c93700 Thread added: 0x00000236e90f9ca0
Event: 0.043 Thread 0x0000023691c93700 Thread added: 0x00000236e90fdb50
Event: 0.068 Thread 0x0000023691c93700 Thread added: 0x0000023691cfc7c0
Event: 0.198 Thread 0x00000236e90fdb50 Thread added: 0x00000236e9375fe0
Event: 0.310 Thread 0x0000023691c93700 Thread added: 0x00000236e9446320
Event: 0.486 Thread 0x00000236e90fdb50 Thread added: 0x00000236e96dcee0


Dynamic libraries:
0x00007ff618240000 - 0x00007ff61824e000 	c:\Users\adiad\.vscode\extensions\redhat.java-1.42.0-win32-x64\jre\21.0.7-win32-x86_64\bin\java.exe
0x00007ff83fd50000 - 0x00007ff83ff48000 	C:\Windows\SYSTEM32\ntdll.dll
0x00007ff83f5b0000 - 0x00007ff83f672000 	C:\Windows\System32\KERNEL32.DLL
0x00007ff83d610000 - 0x00007ff83d906000 	C:\Windows\System32\KERNELBASE.dll
0x00007ff83d910000 - 0x00007ff83da10000 	C:\Windows\System32\ucrtbase.dll
0x00007ff837e30000 - 0x00007ff837e48000 	c:\Users\adiad\.vscode\extensions\redhat.java-1.42.0-win32-x64\jre\21.0.7-win32-x86_64\bin\jli.dll
0x00007ff836aa0000 - 0x00007ff836abe000 	c:\Users\adiad\.vscode\extensions\redhat.java-1.42.0-win32-x64\jre\21.0.7-win32-x86_64\bin\VCRUNTIME140.dll
0x00007ff829140000 - 0x00007ff8293da000 	C:\Windows\WinSxS\amd64_microsoft.windows.common-controls_6595b64144ccf1df_6.0.19041.5794_none_60bcd33171f2783c\COMCTL32.dll
0x00007ff83fc70000 - 0x00007ff83fd0e000 	C:\Windows\System32\msvcrt.dll
0x00007ff83de90000 - 0x00007ff83e02d000 	C:\Windows\System32\USER32.dll
0x00007ff83dcc0000 - 0x00007ff83dce2000 	C:\Windows\System32\win32u.dll
0x00007ff83eab0000 - 0x00007ff83eadb000 	C:\Windows\System32\GDI32.dll
0x00007ff83d4f0000 - 0x00007ff83d60a000 	C:\Windows\System32\gdi32full.dll
0x00007ff83da10000 - 0x00007ff83daad000 	C:\Windows\System32\msvcp_win.dll
0x00007ff83ee70000 - 0x00007ff83ee9f000 	C:\Windows\System32\IMM32.DLL
0x00007ff836a90000 - 0x00007ff836a9c000 	c:\Users\adiad\.vscode\extensions\redhat.java-1.42.0-win32-x64\jre\21.0.7-win32-x86_64\bin\vcruntime140_1.dll
0x00007ff830c20000 - 0x00007ff830cad000 	c:\Users\adiad\.vscode\extensions\redhat.java-1.42.0-win32-x64\jre\21.0.7-win32-x86_64\bin\msvcp140.dll
0x00007fff7dca0000 - 0x00007fff7ea30000 	c:\Users\adiad\.vscode\extensions\redhat.java-1.42.0-win32-x64\jre\21.0.7-win32-x86_64\bin\server\jvm.dll
0x00007ff83dde0000 - 0x00007ff83de8f000 	C:\Windows\System32\ADVAPI32.dll
0x00007ff83f4b0000 - 0x00007ff83f54f000 	C:\Windows\System32\sechost.dll
0x00007ff83e030000 - 0x00007ff83e153000 	C:\Windows\System32\RPCRT4.dll
0x00007ff83d4c0000 - 0x00007ff83d4e7000 	C:\Windows\System32\bcrypt.dll
0x00007ff83eea0000 - 0x00007ff83ef0b000 	C:\Windows\System32\WS2_32.dll
0x00007ff83c940000 - 0x00007ff83c98b000 	C:\Windows\SYSTEM32\POWRPROF.dll
0x00007ff8302d0000 - 0x00007ff8302f7000 	C:\Windows\SYSTEM32\WINMM.dll
0x00007ff8341e0000 - 0x00007ff8341ea000 	C:\Windows\SYSTEM32\VERSION.dll
0x00007ff83c7b0000 - 0x00007ff83c7c2000 	C:\Windows\SYSTEM32\UMPDC.dll
0x00007ff83b3f0000 - 0x00007ff83b402000 	C:\Windows\SYSTEM32\kernel.appcore.dll
0x00007ff836a80000 - 0x00007ff836a8a000 	c:\Users\adiad\.vscode\extensions\redhat.java-1.42.0-win32-x64\jre\21.0.7-win32-x86_64\bin\jimage.dll
0x00007ff83a5a0000 - 0x00007ff83a7a1000 	C:\Windows\SYSTEM32\DBGHELP.DLL
0x00007ff8336d0000 - 0x00007ff833704000 	C:\Windows\SYSTEM32\dbgcore.DLL
0x00007ff83dcf0000 - 0x00007ff83dd72000 	C:\Windows\System32\bcryptPrimitives.dll
0x00007ff832e40000 - 0x00007ff832e4f000 	c:\Users\adiad\.vscode\extensions\redhat.java-1.42.0-win32-x64\jre\21.0.7-win32-x86_64\bin\instrument.dll
0x00007ff836a60000 - 0x00007ff836a7f000 	c:\Users\adiad\.vscode\extensions\redhat.java-1.42.0-win32-x64\jre\21.0.7-win32-x86_64\bin\java.dll
0x00007ff83e330000 - 0x00007ff83ea9e000 	C:\Windows\System32\SHELL32.dll
0x00007ff83b410000 - 0x00007ff83bbb3000 	C:\Windows\SYSTEM32\windows.storage.dll
0x00007ff83ef80000 - 0x00007ff83f2d3000 	C:\Windows\System32\combase.dll
0x00007ff83cd40000 - 0x00007ff83cd6b000 	C:\Windows\SYSTEM32\Wldp.dll
0x00007ff83fba0000 - 0x00007ff83fc6d000 	C:\Windows\System32\OLEAUT32.dll
0x00007ff83faf0000 - 0x00007ff83fb9d000 	C:\Windows\System32\SHCORE.dll
0x00007ff83ef20000 - 0x00007ff83ef75000 	C:\Windows\System32\shlwapi.dll
0x00007ff83d320000 - 0x00007ff83d345000 	C:\Windows\SYSTEM32\profapi.dll
0x00007ff836a40000 - 0x00007ff836a58000 	c:\Users\adiad\.vscode\extensions\redhat.java-1.42.0-win32-x64\jre\21.0.7-win32-x86_64\bin\zip.dll
0x00007ff834d90000 - 0x00007ff834da0000 	C:\Users\adiad\.vscode\extensions\redhat.java-1.42.0-win32-x64\jre\21.0.7-win32-x86_64\bin\net.dll
0x00007ff837020000 - 0x00007ff83712a000 	C:\Windows\SYSTEM32\WINHTTP.dll
0x00007ff83cb20000 - 0x00007ff83cb8c000 	C:\Windows\system32\mswsock.dll
0x00007ff832e60000 - 0x00007ff832e76000 	C:\Users\adiad\.vscode\extensions\redhat.java-1.42.0-win32-x64\jre\21.0.7-win32-x86_64\bin\nio.dll
0x00007ff830c00000 - 0x00007ff830c10000 	c:\Users\adiad\.vscode\extensions\redhat.java-1.42.0-win32-x64\jre\21.0.7-win32-x86_64\bin\verify.dll

dbghelp: loaded successfully - version: 4.0.5 - missing functions: none
symbol engine: initialized successfully - sym options: 0x614 - pdb path: .;c:\Users\adiad\.vscode\extensions\redhat.java-1.42.0-win32-x64\jre\21.0.7-win32-x86_64\bin;C:\Windows\SYSTEM32;C:\Windows\WinSxS\amd64_microsoft.windows.common-controls_6595b64144ccf1df_6.0.19041.5794_none_60bcd33171f2783c;c:\Users\adiad\.vscode\extensions\redhat.java-1.42.0-win32-x64\jre\21.0.7-win32-x86_64\bin\server

VM Arguments:
jvm_args: --add-modules=ALL-SYSTEM --add-opens=java.base/java.util=ALL-UNNAMED --add-opens=java.base/java.lang=ALL-UNNAMED --add-opens=java.base/sun.nio.fs=ALL-UNNAMED -Declipse.application=org.eclipse.jdt.ls.core.id1 -Dosgi.bundles.defaultStartLevel=4 -Declipse.product=org.eclipse.jdt.ls.core.product -Djava.import.generatesMetadataFilesAtProjectRoot=false -DDetectVMInstallationsJob.disabled=true -Dfile.encoding=utf8 -XX:+UseParallelGC -XX:GCTimeRatio=4 -XX:AdaptiveSizePolicyWeight=90 -Dsun.zip.disableMemoryMapping=true -Xmx1G -Xms100m -Xlog:disable -javaagent:c:\Users\adiad\.vscode\extensions\redhat.java-1.42.0-win32-x64\lombok\lombok-1.18.36.jar 
java_command: c:\Users\adiad\.vscode\extensions\redhat.java-1.42.0-win32-x64\server\plugins\org.eclipse.equinox.launcher_1.7.0.v20250424-1814.jar -configuration c:\Users\adiad\AppData\Roaming\Code\User\globalStorage\redhat.java\1.42.0\config_ss_win -data c:\Users\adiad\AppData\Roaming\Code\User\workspaceStorage\14401dd125f2409bfeeab5ebb8aac57f\redhat.java\ss_ws --pipe=\\.\pipe\lsp-e671e5c3eaa44112927bea764f197e6e-sock
java_class_path (initial): c:\Users\adiad\.vscode\extensions\redhat.java-1.42.0-win32-x64\server\plugins\org.eclipse.equinox.launcher_1.7.0.v20250424-1814.jar
Launcher Type: SUN_STANDARD

[Global flags]
    uintx AdaptiveSizePolicyWeight                 = 90                                        {product} {command line}
     intx CICompilerCount                          = 4                                         {product} {ergonomic}
    uintx GCTimeRatio                              = 4                                         {product} {command line}
   size_t InitialHeapSize                          = 104857600                                 {product} {command line}
   size_t MaxHeapSize                              = 1073741824                                {product} {command line}
   size_t MaxNewSize                               = 357564416                                 {product} {ergonomic}
   size_t MinHeapDeltaBytes                        = 524288                                    {product} {ergonomic}
   size_t MinHeapSize                              = 104857600                                 {product} {command line}
   size_t NewSize                                  = 34603008                                  {product} {ergonomic}
    uintx NonNMethodCodeHeapSize                   = 5839372                                {pd product} {ergonomic}
    uintx NonProfiledCodeHeapSize                  = 122909434                              {pd product} {ergonomic}
   size_t OldSize                                  = 70254592                                  {product} {ergonomic}
    uintx ProfiledCodeHeapSize                     = 122909434                              {pd product} {ergonomic}
    uintx ReservedCodeCacheSize                    = 251658240                              {pd product} {ergonomic}
     bool SegmentedCodeCache                       = true                                      {product} {ergonomic}
   size_t SoftMaxHeapSize                          = 1073741824                             {manageable} {ergonomic}
     bool UseCompressedOops                        = true                           {product lp64_product} {ergonomic}
     bool UseLargePagesIndividualAllocation        = false                                  {pd product} {ergonomic}
     bool UseParallelGC                            = true                                      {product} {command line}

Logging:
Log output configuration:
 #0: stdout all=off uptime,level,tags foldmultilines=false
 #1: stderr all=off uptime,level,tags foldmultilines=false

Environment Variables:
JAVA_HOME=C:\Program Files\Java\jdk-1.8
PATH=C:\Program Files\Common Files\Oracle\Java\javapath;C:\Program Files (x86)\Common Files\Oracle\Java\javapath;C:\Windows\system32;C:\Windows;C:\Windows\System32\Wbem;C:\Windows\System32\WindowsPowerShell\v1.0\;C:\Windows\System32\OpenSSH\;C:\Program Files (x86)\NVIDIA Corporation\PhysX\Common;D:\msys2\ucrt64\bin;C:\Program Files\NVIDIA Corporation\NVIDIA App\NvDLISR;C:\Program Files\dotnet\;C:\Users\adiad\Downloads\Hell2024-main\Hell2024\Hell2024\vendor\nlohmann_json\include;C:\Program Files\NVIDIA Corporation\Nsight Compute 2024.2.0\;C:\Program Files (x86)\Windows Kits\10\Windows Performance Toolkit\;C:\Program Files\Microsoft SQL Server\150\Tools\Binn\;C:\Program Files\Microsoft SQL Server\Client SDK\ODBC\170\Tools\Binn\;D:\msys2\ucrt64\include;C:\Program Files (x86)\IVI Foundation\VISA\WinNT\Bin\;C:\Program Files\IVI Foundation\VISA\Win64\Bin\;C:\Program Files (x86)\IVI Foundation\VISA\WinNT\Bin;D:\playsmc\bin\;D:\Git\cmd;D:\msys2\mingw64\bin;;C:\Program Files\Docker\Docker\resources\bin;C:\Users\adiad\AppData\Local\Programs\Python\Python310\Scripts\;C:\Users\adiad\AppData\Local\Programs\Python\Python310\;C:\Users\adiad\AppData\Local\Programs\Python\Python312\Scripts\;C:\Users\adiad\AppData\Local\Programs\Python\Python312\;C:\Users\adiad\AppData\Local\Programs\Python\Launcher\;C:\Users\adiad\AppData\Local\Microsoft\WindowsApps;D:\Microsoft VS Code\bin;C:\Users\adiad\AppData\Local\GitHubDesktop\bin;D:\msys2\ucrt64\bin;C:\Users\adiad\.dotnet\tools;D:\msys2\ucrt64\include;C:\Program Files\Java\jdk-1.8\bin;C:\Program Files\JetBrains\JetBrains Rider 2024.3.6\bin;;C:\Users\adiad\AppData\Local\Programs\cursor\resources\app\bin;D:\msys2\mingw64\bin;
USERNAME=adi
OS=Windows_NT
PROCESSOR_IDENTIFIER=AMD64 Family 25 Model 80 Stepping 0, AuthenticAMD
TMP=C:\Users\adiad\AppData\Local\Temp
TEMP=C:\Users\adiad\AppData\Local\Temp




Periodic native trim disabled

---------------  S Y S T E M  ---------------

OS:
 Windows 10 , 64 bit Build 19041 (10.0.19041.5794)
OS uptime: 0 days 6:28 hours
Hyper-V role detected

CPU: total 12 (initial active 12) (12 cores per cpu, 2 threads per core) family 25 model 80 stepping 0 microcode 0x0, cx8, cmov, fxsr, ht, mmx, 3dnowpref, sse, sse2, sse3, ssse3, sse4a, sse4.1, sse4.2, popcnt, lzcnt, tsc, tscinvbit, avx, avx2, aes, erms, clmul, bmi1, bmi2, adx, sha, fma, vzeroupper, clflush, clflushopt, hv, rdtscp, rdpid, fsrm, f16c, cet_ss
Processor Information for the first 12 processors :
  Max Mhz: 3301, Current Mhz: 3120, Mhz Limit: 3301

Memory: 4k page, system-wide physical 28524M (4694M free)
TotalPageFile size 28524M (AvailPageFile size 3M)
current process WorkingSet (physical memory assigned to process): 73M, peak: 74M
current process commit charge ("private bytes"): 206M, peak: 208M

vm_info: OpenJDK 64-Bit Server VM (21.0.7+6-LTS) for windows-amd64 JRE (21.0.7+6-LTS), built on 2025-04-15T00:00:00Z by "admin" with MS VC++ 17.7 (VS2022)

END.
